!SESSION 2015-04-19 22:41:33.080 -----------------------------------------------
eclipse.buildId=4.4.2.M20150204-1700
java.version=1.8.0_40
java.vendor=Oracle Corporation
BootLoader constants: OS=win32, ARCH=x86_64, WS=win32, NL=en_US
Framework arguments:  -product org.eclipse.epp.package.java.product
Command-line arguments:  -os win32 -ws win32 -arch x86_64 -product org.eclipse.epp.package.java.product

!ENTRY org.eclipse.egit.ui 2 0 2015-04-19 22:45:59.873
!MESSAGE Warning: EGit couldn't detect the installation path "gitPrefix" of native Git. Hence EGit can't respect system level
Git settings which might be configured in ${gitPrefix}/etc/gitconfig under the native Git installation directory.
The most important of these settings is core.autocrlf. Git for Windows by default sets this parameter to true in
this system level configuration. The Git installation location can be configured on the
Team > Git > Configuration preference page's 'System Settings' tab.
This warning can be switched off on the Team > Git > Confirmations and Warnings preference page.

!ENTRY org.eclipse.egit.ui 2 0 2015-04-19 22:45:59.900
!MESSAGE Warning: The environment variable HOME is not set. The following directory will be used to store the Git
user global configuration and to define the default location to store repositories: 'C:\Users\mlebedeva'. If this is
not correct please set the HOME environment variable and restart Eclipse. Otherwise Git for Windows and
EGit might behave differently since they see different configuration options.
This warning can be switched off on the Team > Git > Confirmations and Warnings preference page.

!ENTRY org.eclipse.recommenders.rcp 2 12 2015-04-20 09:08:54.591
!MESSAGE Failed to parse news feed
!STACK 0
java.net.UnknownHostException: www.codetrails.com
	at java.net.Inet6AddressImpl.lookupAllHostAddr(Native Method)
	at java.net.InetAddress$2.lookupAllHostAddr(Unknown Source)
	at java.net.InetAddress.getAddressesFromNameService(Unknown Source)
	at java.net.InetAddress.getAllByName0(Unknown Source)
	at java.net.InetAddress.getAllByName(Unknown Source)
	at java.net.InetAddress.getAllByName(Unknown Source)
	at org.apache.http.impl.conn.SystemDefaultDnsResolver.resolve(SystemDefaultDnsResolver.java:44)
	at org.apache.http.impl.conn.HttpClientConnectionOperator.connect(HttpClientConnectionOperator.java:102)
	at org.apache.http.impl.conn.PoolingHttpClientConnectionManager.connect(PoolingHttpClientConnectionManager.java:319)
	at org.apache.http.impl.execchain.MainClientExec.establishRoute(MainClientExec.java:363)
	at org.apache.http.impl.execchain.MainClientExec.execute(MainClientExec.java:219)
	at org.apache.http.impl.execchain.ProtocolExec.execute(ProtocolExec.java:195)
	at org.apache.http.impl.execchain.RetryExec.execute(RetryExec.java:86)
	at org.apache.http.impl.execchain.RedirectExec.execute(RedirectExec.java:108)
	at org.apache.http.impl.client.InternalHttpClient.doExecute(InternalHttpClient.java:184)
	at org.apache.http.impl.client.CloseableHttpClient.execute(CloseableHttpClient.java:82)
	at org.apache.http.impl.client.CloseableHttpClient.execute(CloseableHttpClient.java:57)
	at org.apache.http.client.fluent.Executor.execute(Executor.java:206)
	at org.eclipse.recommenders.internal.rcp.news.CheckForProjectNewsJob.download(CheckForProjectNewsJob.java:128)
	at org.eclipse.recommenders.internal.rcp.news.CheckForProjectNewsJob.doRun(CheckForProjectNewsJob.java:92)
	at org.eclipse.recommenders.internal.rcp.news.CheckForProjectNewsJob.run(CheckForProjectNewsJob.java:65)
	at org.eclipse.core.internal.jobs.Worker.run(Worker.java:54)
!SESSION 2015-04-20 09:19:42.697 -----------------------------------------------
eclipse.buildId=4.4.2.M20150204-1700
java.version=1.8.0_40
java.vendor=Oracle Corporation
BootLoader constants: OS=win32, ARCH=x86_64, WS=win32, NL=en_US
Framework arguments:  -product org.eclipse.epp.package.java.product
Command-line arguments:  -os win32 -ws win32 -arch x86_64 -product org.eclipse.epp.package.java.product

!ENTRY org.eclipse.core.resources 2 10035 2015-04-20 09:20:06.629
!MESSAGE The workspace exited with unsaved changes in the previous session; refreshing workspace to recover changes.

!ENTRY org.eclipse.egit.ui 2 0 2015-04-20 09:20:25.067
!MESSAGE Warning: EGit couldn't detect the installation path "gitPrefix" of native Git. Hence EGit can't respect system level
Git settings which might be configured in ${gitPrefix}/etc/gitconfig under the native Git installation directory.
The most important of these settings is core.autocrlf. Git for Windows by default sets this parameter to true in
this system level configuration. The Git installation location can be configured on the
Team > Git > Configuration preference page's 'System Settings' tab.
This warning can be switched off on the Team > Git > Confirmations and Warnings preference page.

!ENTRY org.eclipse.egit.ui 2 0 2015-04-20 09:20:25.083
!MESSAGE Warning: The environment variable HOME is not set. The following directory will be used to store the Git
user global configuration and to define the default location to store repositories: 'C:\Users\mlebedeva'. If this is
not correct please set the HOME environment variable and restart Eclipse. Otherwise Git for Windows and
EGit might behave differently since they see different configuration options.
This warning can be switched off on the Team > Git > Confirmations and Warnings preference page.
!SESSION 2015-04-20 10:56:06.305 -----------------------------------------------
eclipse.buildId=4.4.2.M20150204-1700
java.version=1.8.0_40
java.vendor=Oracle Corporation
BootLoader constants: OS=win32, ARCH=x86_64, WS=win32, NL=en_US
Framework arguments:  -product org.eclipse.epp.package.java.product
Command-line arguments:  -os win32 -ws win32 -arch x86_64 -product org.eclipse.epp.package.java.product

!ENTRY org.eclipse.egit.ui 2 0 2015-04-20 11:00:48.562
!MESSAGE Warning: EGit couldn't detect the installation path "gitPrefix" of native Git. Hence EGit can't respect system level
Git settings which might be configured in ${gitPrefix}/etc/gitconfig under the native Git installation directory.
The most important of these settings is core.autocrlf. Git for Windows by default sets this parameter to true in
this system level configuration. The Git installation location can be configured on the
Team > Git > Configuration preference page's 'System Settings' tab.
This warning can be switched off on the Team > Git > Confirmations and Warnings preference page.

!ENTRY org.eclipse.egit.ui 2 0 2015-04-20 11:00:48.562
!MESSAGE Warning: The environment variable HOME is not set. The following directory will be used to store the Git
user global configuration and to define the default location to store repositories: 'C:\Users\mlebedeva'. If this is
not correct please set the HOME environment variable and restart Eclipse. Otherwise Git for Windows and
EGit might behave differently since they see different configuration options.
This warning can be switched off on the Team > Git > Confirmations and Warnings preference page.

!ENTRY org.testng.eclipse 1 0 2015-04-20 23:06:35.664
!MESSAGE [TestNGLaunchShortcut] Examining Java element:[Working copy] GroupCreationTests.java [in com.example.tests [in src [in addressbook-selenium-tests]]]
  package com.example.tests
  import java.util.regex.Pattern
  import java.util.concurrent.TimeUnit
  import org.junit.Assert.*
  import org.hamcrest.CoreMatchers.*
  import org.openqa.selenium.*
  import org.openqa.selenium.firefox.FirefoxDriver
  import org.openqa.selenium.support.ui.Select
  import org.testng.annotations.AfterClass
  import org.testng.annotations.BeforeClass
  import org.testng.annotations.Test
  class GroupCreationTests
    WebDriver driver
    String baseUrl
    boolean acceptNextAlert
    StringBuffer verificationErrors
    void setUp()
    void testNonEmptyGroupCreation()
    void testEmptyGroupCreation()
    void returnToGroupsPage()
    void submitGroupCreation()
    void fillInGroupForm(GroupData)
    void initGroupCreation()
    void goToGroupsPage()
    void openMainPage()
    void tearDown()
    boolean isElementPresent(By)
    boolean isAlertPresent()
    String closeAlertAndGetItsText()

!ENTRY org.testng.eclipse 1 0 2015-04-20 23:06:38.294
!MESSAGE [TestNGLaunchConfigurationDelegate] Launching:
  Classpath: /C:/eclipse/plugins/org.testng.eclipse_6.8.6.20141201_2240/lib/testng.jar C:\Users\mlebedeva\Documents\GitHub\jft\addressbook-selenium-tests\bin C:\Users\mlebedeva\Downloads\selenium-server-standalone-2.45.0.jar
  VMArgs:    -ea
  Class:     org.testng.remote.RemoteTestNG
  Args:      -serport 65273 -d C:\Users\mlebedeva\Documents\GitHub\jft\addressbook-selenium-tests\test-output C:\Users\MLEBED~1\AppData\Local\Temp\testng-eclipse-1190192636\testng-customsuite.xml
java -ea -classpath /C:/eclipse/plugins/org.testng.eclipse_6.8.6.20141201_2240/lib/testng.jar:C:\Users\mlebedeva\Documents\GitHub\jft\addressbook-selenium-tests\bin:C:\Users\mlebedeva\Downloads\selenium-server-standalone-2.45.0.jar org.testng.remote.RemoteTestNG -serport 65273 -d C:\Users\mlebedeva\Documents\GitHub\jft\addressbook-selenium-tests\test-output C:\Users\MLEBED~1\AppData\Local\Temp\testng-eclipse-1190192636\testng-customsuite.xml

!ENTRY org.eclipse.recommenders.rcp 2 12 2015-04-21 08:23:57.848
!MESSAGE Failed to parse news feed
!STACK 0
java.net.UnknownHostException: www.codetrails.com
	at java.net.Inet6AddressImpl.lookupAllHostAddr(Native Method)
	at java.net.InetAddress$2.lookupAllHostAddr(Unknown Source)
	at java.net.InetAddress.getAddressesFromNameService(Unknown Source)
	at java.net.InetAddress.getAllByName0(Unknown Source)
	at java.net.InetAddress.getAllByName(Unknown Source)
	at java.net.InetAddress.getAllByName(Unknown Source)
	at org.apache.http.impl.conn.SystemDefaultDnsResolver.resolve(SystemDefaultDnsResolver.java:44)
	at org.apache.http.impl.conn.HttpClientConnectionOperator.connect(HttpClientConnectionOperator.java:102)
	at org.apache.http.impl.conn.PoolingHttpClientConnectionManager.connect(PoolingHttpClientConnectionManager.java:319)
	at org.apache.http.impl.execchain.MainClientExec.establishRoute(MainClientExec.java:363)
	at org.apache.http.impl.execchain.MainClientExec.execute(MainClientExec.java:219)
	at org.apache.http.impl.execchain.ProtocolExec.execute(ProtocolExec.java:195)
	at org.apache.http.impl.execchain.RetryExec.execute(RetryExec.java:86)
	at org.apache.http.impl.execchain.RedirectExec.execute(RedirectExec.java:108)
	at org.apache.http.impl.client.InternalHttpClient.doExecute(InternalHttpClient.java:184)
	at org.apache.http.impl.client.CloseableHttpClient.execute(CloseableHttpClient.java:82)
	at org.apache.http.impl.client.CloseableHttpClient.execute(CloseableHttpClient.java:57)
	at org.apache.http.client.fluent.Executor.execute(Executor.java:206)
	at org.eclipse.recommenders.internal.rcp.news.CheckForProjectNewsJob.download(CheckForProjectNewsJob.java:128)
	at org.eclipse.recommenders.internal.rcp.news.CheckForProjectNewsJob.doRun(CheckForProjectNewsJob.java:92)
	at org.eclipse.recommenders.internal.rcp.news.CheckForProjectNewsJob.run(CheckForProjectNewsJob.java:65)
	at org.eclipse.core.internal.jobs.Worker.run(Worker.java:54)

!ENTRY org.testng.eclipse 1 0 2015-04-21 15:57:09.274
!MESSAGE [TestNGLaunchShortcut] Examining Java element:com.example.tests [in src [in addressbook-selenium-tests]]
  [Working copy] GroupCreationTests.java
    package com.example.tests
    import java.util.regex.Pattern
    import java.util.concurrent.TimeUnit
    import org.junit.Assert.*
    import org.hamcrest.CoreMatchers.*
    import org.openqa.selenium.*
    import org.openqa.selenium.firefox.FirefoxDriver
    import org.openqa.selenium.support.ui.Select
    import org.testng.annotations.AfterClass
    import org.testng.annotations.BeforeClass
    import org.testng.annotations.Test
    class GroupCreationTests
      WebDriver driver
      String baseUrl
      boolean acceptNextAlert
      StringBuffer verificationErrors
      void setUp()
      void testNonEmptyGroupCreation()
      void testEmptyGroupCreation()
      void returnToGroupsPage()
      void submitGroupCreation()
      void fillInGroupForm(GroupData)
      void initGroupCreation()
      void goToGroupsPage()
      void openMainPage()
      void tearDown()
      boolean isElementPresent(By)
      boolean isAlertPresent()
      String closeAlertAndGetItsText()
  [Working copy] GroupData.java
    package com.example.tests
    class GroupData
      String name
      String header
      String footer
      GroupData()
      GroupData(String, String, String)
  AnotherGroupCreationTests.java (not open)

!ENTRY org.testng.eclipse 1 0 2015-04-21 15:57:09.354
!MESSAGE [TestNGLaunchConfigurationDelegate] Launching:
  Classpath: /C:/eclipse/plugins/org.testng.eclipse_6.8.6.20141201_2240/lib/testng.jar C:\Users\mlebedeva\Documents\GitHub\jft\addressbook-selenium-tests\bin C:\Users\mlebedeva\Downloads\selenium-server-standalone-2.45.0.jar
  VMArgs:    -ea
  Class:     org.testng.remote.RemoteTestNG
  Args:      -serport 63804 -d C:\Users\mlebedeva\Documents\GitHub\jft\addressbook-selenium-tests\test-output C:\Users\MLEBED~1\AppData\Local\Temp\testng-eclipse-453906890\testng-customsuite.xml
java -ea -classpath /C:/eclipse/plugins/org.testng.eclipse_6.8.6.20141201_2240/lib/testng.jar:C:\Users\mlebedeva\Documents\GitHub\jft\addressbook-selenium-tests\bin:C:\Users\mlebedeva\Downloads\selenium-server-standalone-2.45.0.jar org.testng.remote.RemoteTestNG -serport 63804 -d C:\Users\mlebedeva\Documents\GitHub\jft\addressbook-selenium-tests\test-output C:\Users\MLEBED~1\AppData\Local\Temp\testng-eclipse-453906890\testng-customsuite.xml

!ENTRY org.testng.eclipse 1 0 2015-04-21 16:16:23.755
!MESSAGE [TestNGLaunchShortcut] Examining Java element:com.example.tests [in src [in addressbook-selenium-tests]]
  [Working copy] TestBase.java
    package com.example.tests
    import org.junit.Assert.fail
    import java.util.concurrent.TimeUnit
    import org.openqa.selenium.Alert
    import org.openqa.selenium.By
    import org.openqa.selenium.NoAlertPresentException
    import org.openqa.selenium.NoSuchElementException
    import org.openqa.selenium.WebDriver
    import org.openqa.selenium.firefox.FirefoxDriver
    import org.testng.annotations.*
    class TestBase
      WebDriver driver
      String baseUrl
      boolean acceptNextAlert
      StringBuffer verificationErrors
      void setUp()
      void tearDown()
      void returnToGroupsPage()
      void submitGroupCreation()
      void fillInGroupForm(GroupData)
      void initGroupCreation()
      void goToGroupsPage()
      void openMainPage()
      boolean isElementPresent(By)
      boolean isAlertPresent()
      String closeAlertAndGetItsText()
  GroupData.java
    package com.example.tests
    class GroupData
      String name
      String header
      String footer
      GroupData()
      GroupData(String, String, String)
  [Working copy] GroupCreationTests.java
    package com.example.tests
    import org.testng.annotations.Test
    class GroupCreationTests
      void testNonEmptyGroupCreation()
      void testEmptyGroupCreation()
  AnotherGroupCreationTests.java (not open)

!ENTRY org.testng.eclipse 1 0 2015-04-21 16:16:25.455
!MESSAGE [TestNGLaunchConfigurationDelegate] Launching:
  Classpath: /C:/eclipse/plugins/org.testng.eclipse_6.8.6.20141201_2240/lib/testng.jar C:\Users\mlebedeva\Documents\GitHub\jft\addressbook-selenium-tests\bin C:\Users\mlebedeva\Downloads\selenium-server-standalone-2.45.0.jar
  VMArgs:    -ea
  Class:     org.testng.remote.RemoteTestNG
  Args:      -serport 64160 -d C:\Users\mlebedeva\Documents\GitHub\jft\addressbook-selenium-tests\test-output C:\Users\MLEBED~1\AppData\Local\Temp\testng-eclipse--476916715\testng-customsuite.xml
java -ea -classpath /C:/eclipse/plugins/org.testng.eclipse_6.8.6.20141201_2240/lib/testng.jar:C:\Users\mlebedeva\Documents\GitHub\jft\addressbook-selenium-tests\bin:C:\Users\mlebedeva\Downloads\selenium-server-standalone-2.45.0.jar org.testng.remote.RemoteTestNG -serport 64160 -d C:\Users\mlebedeva\Documents\GitHub\jft\addressbook-selenium-tests\test-output C:\Users\MLEBED~1\AppData\Local\Temp\testng-eclipse--476916715\testng-customsuite.xml

!ENTRY org.testng.eclipse 1 0 2015-04-21 16:18:56.205
!MESSAGE [TestNGLaunchShortcut] Examining Java element:com.example.tests [in src [in addressbook-selenium-tests]]
  [Working copy] TestBase.java
    package com.example.tests
    import org.junit.Assert.fail
    import java.util.concurrent.TimeUnit
    import org.openqa.selenium.Alert
    import org.openqa.selenium.By
    import org.openqa.selenium.NoAlertPresentException
    import org.openqa.selenium.NoSuchElementException
    import org.openqa.selenium.WebDriver
    import org.openqa.selenium.firefox.FirefoxDriver
    import org.testng.annotations.*
    class TestBase
      WebDriver driver
      String baseUrl
      boolean acceptNextAlert
      StringBuffer verificationErrors
      void setUp()
      void tearDown()
      void returnToGroupsPage()
      void submitGroupCreation()
      void fillInGroupForm(GroupData)
      void initGroupCreation()
      void goToGroupsPage()
      void openMainPage()
      boolean isElementPresent(By)
      boolean isAlertPresent()
      String closeAlertAndGetItsText()
  GroupData.java
    package com.example.tests
    class GroupData
      String name
      String header
      String footer
      GroupData()
      GroupData(String, String, String)
  [Working copy] GroupCreationTests.java
    package com.example.tests
    import org.testng.annotations.Test
    class GroupCreationTests
      void testNonEmptyGroupCreation()
      void testEmptyGroupCreation()
  AnotherGroupCreationTests.java
    package com.example.tests
    import org.testng.annotations.Test
    class AnotherGroupCreationTests
      void testNonEmptyGroupCreation()
      void testEmptyGroupCreation()

!ENTRY org.testng.eclipse 1 0 2015-04-21 16:18:58.245
!MESSAGE [TestNGLaunchConfigurationDelegate] Launching:
  Classpath: /C:/eclipse/plugins/org.testng.eclipse_6.8.6.20141201_2240/lib/testng.jar C:\Users\mlebedeva\Documents\GitHub\jft\addressbook-selenium-tests\bin C:\Users\mlebedeva\Downloads\selenium-server-standalone-2.45.0.jar
  VMArgs:    -ea
  Class:     org.testng.remote.RemoteTestNG
  Args:      -serport 64271 -d C:\Users\mlebedeva\Documents\GitHub\jft\addressbook-selenium-tests\test-output C:\Users\MLEBED~1\AppData\Local\Temp\testng-eclipse-1888904795\testng-customsuite.xml
java -ea -classpath /C:/eclipse/plugins/org.testng.eclipse_6.8.6.20141201_2240/lib/testng.jar:C:\Users\mlebedeva\Documents\GitHub\jft\addressbook-selenium-tests\bin:C:\Users\mlebedeva\Downloads\selenium-server-standalone-2.45.0.jar org.testng.remote.RemoteTestNG -serport 64271 -d C:\Users\mlebedeva\Documents\GitHub\jft\addressbook-selenium-tests\test-output C:\Users\MLEBED~1\AppData\Local\Temp\testng-eclipse-1888904795\testng-customsuite.xml

!ENTRY org.testng.eclipse 1 0 2015-04-21 16:28:27.918
!MESSAGE [TestNGLaunchShortcut] Examining Java element:com.example.tests [in src [in addressbook-selenium-tests]]
  [Working copy] TestBase.java
    package com.example.tests
    import org.junit.Assert.fail
    import java.util.concurrent.TimeUnit
    import org.openqa.selenium.Alert
    import org.openqa.selenium.By
    import org.openqa.selenium.NoAlertPresentException
    import org.openqa.selenium.NoSuchElementException
    import org.openqa.selenium.WebDriver
    import org.openqa.selenium.firefox.FirefoxDriver
    import org.testng.annotations.*
    class TestBase
      WebDriver driver
      String baseUrl
      boolean acceptNextAlert
      StringBuffer verificationErrors
      void setUp()
      void tearDown()
      void returnToGroupsPage()
      void submitGroupCreation()
      void fillInGroupForm(GroupData)
      void initGroupCreation()
      void goToGroupsPage()
      void openMainPage()
      boolean isElementPresent(By)
      boolean isAlertPresent()
      String closeAlertAndGetItsText()
  GroupData.java
    package com.example.tests
    class GroupData
      String name
      String header
      String footer
      GroupData()
      GroupData(String, String, String)
  [Working copy] GroupCreationTests.java
    package com.example.tests
    import org.testng.annotations.Test
    class GroupCreationTests
      void testNonEmptyGroupCreation()
      void testEmptyGroupCreation()
  AnotherGroupCreationTests.java
    package com.example.tests
    import org.testng.annotations.Test
    class AnotherGroupCreationTests
      void testNonEmptyGroupCreation()
      void testEmptyGroupCreation()

!ENTRY org.testng.eclipse 1 0 2015-04-21 16:28:27.988
!MESSAGE [TestNGLaunchConfigurationDelegate] Launching:
  Classpath: /C:/eclipse/plugins/org.testng.eclipse_6.8.6.20141201_2240/lib/testng.jar C:\Users\mlebedeva\Documents\GitHub\jft\addressbook-selenium-tests\bin C:\Users\mlebedeva\Downloads\selenium-server-standalone-2.45.0.jar
  VMArgs:    -ea
  Class:     org.testng.remote.RemoteTestNG
  Args:      -serport 64619 -d C:\Users\mlebedeva\Documents\GitHub\jft\addressbook-selenium-tests\test-output C:\Users\MLEBED~1\AppData\Local\Temp\testng-eclipse-1664439656\testng-customsuite.xml
java -ea -classpath /C:/eclipse/plugins/org.testng.eclipse_6.8.6.20141201_2240/lib/testng.jar:C:\Users\mlebedeva\Documents\GitHub\jft\addressbook-selenium-tests\bin:C:\Users\mlebedeva\Downloads\selenium-server-standalone-2.45.0.jar org.testng.remote.RemoteTestNG -serport 64619 -d C:\Users\mlebedeva\Documents\GitHub\jft\addressbook-selenium-tests\test-output C:\Users\MLEBED~1\AppData\Local\Temp\testng-eclipse-1664439656\testng-customsuite.xml

!ENTRY org.testng.eclipse 1 0 2015-04-21 23:02:16.715
!MESSAGE [TestNGLaunchShortcut] Examining Java element:[Working copy] ContactCreationTests.java [in com.example.tests [in src [in addressbook-selenium-tests]]]
  package com.example.tests
  import org.testng.annotations.Test
  class ContactCreationTests
    void testNonEmptyContactCreation()
    void testEmptyContactCreation()

!ENTRY org.testng.eclipse 1 0 2015-04-21 23:02:18.765
!MESSAGE [TestNGLaunchConfigurationDelegate] Launching:
  Classpath: /C:/eclipse/plugins/org.testng.eclipse_6.8.6.20141201_2240/lib/testng.jar C:\Users\mlebedeva\Documents\GitHub\jft\addressbook-selenium-tests\bin C:\Users\mlebedeva\Downloads\selenium-server-standalone-2.45.0.jar
  VMArgs:    -ea
  Class:     org.testng.remote.RemoteTestNG
  Args:      -serport 57637 -d C:\Users\mlebedeva\Documents\GitHub\jft\addressbook-selenium-tests\test-output C:\Users\MLEBED~1\AppData\Local\Temp\testng-eclipse-1409760625\testng-customsuite.xml
java -ea -classpath /C:/eclipse/plugins/org.testng.eclipse_6.8.6.20141201_2240/lib/testng.jar:C:\Users\mlebedeva\Documents\GitHub\jft\addressbook-selenium-tests\bin:C:\Users\mlebedeva\Downloads\selenium-server-standalone-2.45.0.jar org.testng.remote.RemoteTestNG -serport 57637 -d C:\Users\mlebedeva\Documents\GitHub\jft\addressbook-selenium-tests\test-output C:\Users\MLEBED~1\AppData\Local\Temp\testng-eclipse-1409760625\testng-customsuite.xml

!ENTRY org.testng.eclipse 1 0 2015-04-21 23:08:34.692
!MESSAGE [TestNGLaunchShortcut] Examining Java element:[Working copy] ContactCreationTests.java [in com.example.tests [in src [in addressbook-selenium-tests]]]
  package com.example.tests
  import org.testng.annotations.Test
  class ContactCreationTests
    void testNonEmptyContactCreation()
    void testEmptyContactCreation()

!ENTRY org.testng.eclipse 1 0 2015-04-21 23:08:36.372
!MESSAGE [TestNGLaunchConfigurationDelegate] Launching:
  Classpath: /C:/eclipse/plugins/org.testng.eclipse_6.8.6.20141201_2240/lib/testng.jar C:\Users\mlebedeva\Documents\GitHub\jft\addressbook-selenium-tests\bin C:\Users\mlebedeva\Downloads\selenium-server-standalone-2.45.0.jar
  VMArgs:    -ea
  Class:     org.testng.remote.RemoteTestNG
  Args:      -serport 57822 -d C:\Users\mlebedeva\Documents\GitHub\jft\addressbook-selenium-tests\test-output C:\Users\MLEBED~1\AppData\Local\Temp\testng-eclipse-283319826\testng-customsuite.xml
java -ea -classpath /C:/eclipse/plugins/org.testng.eclipse_6.8.6.20141201_2240/lib/testng.jar:C:\Users\mlebedeva\Documents\GitHub\jft\addressbook-selenium-tests\bin:C:\Users\mlebedeva\Downloads\selenium-server-standalone-2.45.0.jar org.testng.remote.RemoteTestNG -serport 57822 -d C:\Users\mlebedeva\Documents\GitHub\jft\addressbook-selenium-tests\test-output C:\Users\MLEBED~1\AppData\Local\Temp\testng-eclipse-283319826\testng-customsuite.xml
!SESSION 2015-04-22 21:34:42.123 -----------------------------------------------
eclipse.buildId=4.4.2.M20150204-1700
java.version=1.8.0_40
java.vendor=Oracle Corporation
BootLoader constants: OS=win32, ARCH=x86_64, WS=win32, NL=en_US
Framework arguments:  -product org.eclipse.epp.package.java.product
Command-line arguments:  -os win32 -ws win32 -arch x86_64 -product org.eclipse.epp.package.java.product

!ENTRY org.eclipse.core.resources 2 10035 2015-04-22 21:38:49.880
!MESSAGE The workspace exited with unsaved changes in the previous session; refreshing workspace to recover changes.

!ENTRY org.eclipse.egit.ui 2 0 2015-04-22 21:39:28.328
!MESSAGE Warning: EGit couldn't detect the installation path "gitPrefix" of native Git. Hence EGit can't respect system level
Git settings which might be configured in ${gitPrefix}/etc/gitconfig under the native Git installation directory.
The most important of these settings is core.autocrlf. Git for Windows by default sets this parameter to true in
this system level configuration. The Git installation location can be configured on the
Team > Git > Configuration preference page's 'System Settings' tab.
This warning can be switched off on the Team > Git > Confirmations and Warnings preference page.

!ENTRY org.eclipse.egit.ui 2 0 2015-04-22 21:39:28.415
!MESSAGE Warning: The environment variable HOME is not set. The following directory will be used to store the Git
user global configuration and to define the default location to store repositories: 'C:\Users\mlebedeva'. If this is
not correct please set the HOME environment variable and restart Eclipse. Otherwise Git for Windows and
EGit might behave differently since they see different configuration options.
This warning can be switched off on the Team > Git > Confirmations and Warnings preference page.

!ENTRY org.testng.eclipse 1 0 2015-04-22 21:55:05.710
!MESSAGE [TestNGLaunchShortcut] Examining Java element:[Working copy] ContactCreationTests.java [in com.example.tests [in src [in addressbook-selenium-tests]]]
  package com.example.tests
  import org.testng.annotations.Test
  import java.util.Random
  class ContactCreationTests
    void testNonEmptyContactCreation()
    void testEmptyContactCreation()

!ENTRY org.testng.eclipse 1 0 2015-04-22 21:55:07.250
!MESSAGE [TestNGLaunchConfigurationDelegate] Launching:
  Classpath: /C:/eclipse/plugins/org.testng.eclipse_6.8.6.20141201_2240/lib/testng.jar C:\Users\mlebedeva\Documents\GitHub\jft\addressbook-selenium-tests\bin C:\Users\mlebedeva\Downloads\selenium-server-standalone-2.45.0.jar
  VMArgs:    -ea
  Class:     org.testng.remote.RemoteTestNG
  Args:      -serport 51334 -d C:\Users\mlebedeva\Documents\GitHub\jft\addressbook-selenium-tests\test-output C:\Users\MLEBED~1\AppData\Local\Temp\testng-eclipse-473709470\testng-customsuite.xml
java -ea -classpath /C:/eclipse/plugins/org.testng.eclipse_6.8.6.20141201_2240/lib/testng.jar:C:\Users\mlebedeva\Documents\GitHub\jft\addressbook-selenium-tests\bin:C:\Users\mlebedeva\Downloads\selenium-server-standalone-2.45.0.jar org.testng.remote.RemoteTestNG -serport 51334 -d C:\Users\mlebedeva\Documents\GitHub\jft\addressbook-selenium-tests\test-output C:\Users\MLEBED~1\AppData\Local\Temp\testng-eclipse-473709470\testng-customsuite.xml

!ENTRY org.testng.eclipse 1 0 2015-04-22 21:58:34.757
!MESSAGE [TestNGLaunchShortcut] Examining Java element:[Working copy] ContactCreationTests.java [in com.example.tests [in src [in addressbook-selenium-tests]]]
  package com.example.tests
  import org.testng.annotations.Test
  import java.util.Random
  class ContactCreationTests
    void testNonEmptyContactCreation()
    void testEmptyContactCreation()

!ENTRY org.testng.eclipse 1 0 2015-04-22 21:58:35.039
!MESSAGE [TestNGLaunchConfigurationDelegate] Launching:
  Classpath: /C:/eclipse/plugins/org.testng.eclipse_6.8.6.20141201_2240/lib/testng.jar C:\Users\mlebedeva\Documents\GitHub\jft\addressbook-selenium-tests\bin C:\Users\mlebedeva\Downloads\selenium-server-standalone-2.45.0.jar
  VMArgs:    -ea
  Class:     org.testng.remote.RemoteTestNG
  Args:      -serport 51394 -d C:\Users\mlebedeva\Documents\GitHub\jft\addressbook-selenium-tests\test-output C:\Users\MLEBED~1\AppData\Local\Temp\testng-eclipse-2065875395\testng-customsuite.xml
java -ea -classpath /C:/eclipse/plugins/org.testng.eclipse_6.8.6.20141201_2240/lib/testng.jar:C:\Users\mlebedeva\Documents\GitHub\jft\addressbook-selenium-tests\bin:C:\Users\mlebedeva\Downloads\selenium-server-standalone-2.45.0.jar org.testng.remote.RemoteTestNG -serport 51394 -d C:\Users\mlebedeva\Documents\GitHub\jft\addressbook-selenium-tests\test-output C:\Users\MLEBED~1\AppData\Local\Temp\testng-eclipse-2065875395\testng-customsuite.xml

!ENTRY org.testng.eclipse 1 0 2015-04-22 21:59:19.084
!MESSAGE [TestNGLaunchShortcut] Examining Java element:[Working copy] ContactCreationTests.java [in com.example.tests [in src [in addressbook-selenium-tests]]]
  package com.example.tests
  import org.testng.annotations.Test
  import java.util.Random
  class ContactCreationTests
    void testNonEmptyContactCreation()
    void testEmptyContactCreation()

!ENTRY org.testng.eclipse 1 0 2015-04-22 21:59:19.294
!MESSAGE [TestNGLaunchConfigurationDelegate] Launching:
  Classpath: /C:/eclipse/plugins/org.testng.eclipse_6.8.6.20141201_2240/lib/testng.jar C:\Users\mlebedeva\Documents\GitHub\jft\addressbook-selenium-tests\bin C:\Users\mlebedeva\Downloads\selenium-server-standalone-2.45.0.jar
  VMArgs:    -ea
  Class:     org.testng.remote.RemoteTestNG
  Args:      -serport 51429 -d C:\Users\mlebedeva\Documents\GitHub\jft\addressbook-selenium-tests\test-output C:\Users\MLEBED~1\AppData\Local\Temp\testng-eclipse-1956499438\testng-customsuite.xml
java -ea -classpath /C:/eclipse/plugins/org.testng.eclipse_6.8.6.20141201_2240/lib/testng.jar:C:\Users\mlebedeva\Documents\GitHub\jft\addressbook-selenium-tests\bin:C:\Users\mlebedeva\Downloads\selenium-server-standalone-2.45.0.jar org.testng.remote.RemoteTestNG -serport 51429 -d C:\Users\mlebedeva\Documents\GitHub\jft\addressbook-selenium-tests\test-output C:\Users\MLEBED~1\AppData\Local\Temp\testng-eclipse-1956499438\testng-customsuite.xml

!ENTRY org.testng.eclipse 1 0 2015-04-22 22:05:04.670
!MESSAGE [TestNGLaunchShortcut] Examining Java element:[Working copy] ContactCreationTests.java [in com.example.tests [in src [in addressbook-selenium-tests]]]
  package com.example.tests
  import org.testng.annotations.Test
  import java.util.Random
  class ContactCreationTests
    void testNonEmptyContactCreation()
    void testEmptyContactCreation()

!ENTRY org.testng.eclipse 1 0 2015-04-22 22:05:04.890
!MESSAGE [TestNGLaunchConfigurationDelegate] Launching:
  Classpath: /C:/eclipse/plugins/org.testng.eclipse_6.8.6.20141201_2240/lib/testng.jar C:\Users\mlebedeva\Documents\GitHub\jft\addressbook-selenium-tests\bin C:\Users\mlebedeva\Downloads\selenium-server-standalone-2.45.0.jar
  VMArgs:    -ea
  Class:     org.testng.remote.RemoteTestNG
  Args:      -serport 51498 -d C:\Users\mlebedeva\Documents\GitHub\jft\addressbook-selenium-tests\test-output C:\Users\MLEBED~1\AppData\Local\Temp\testng-eclipse-1744162897\testng-customsuite.xml
java -ea -classpath /C:/eclipse/plugins/org.testng.eclipse_6.8.6.20141201_2240/lib/testng.jar:C:\Users\mlebedeva\Documents\GitHub\jft\addressbook-selenium-tests\bin:C:\Users\mlebedeva\Downloads\selenium-server-standalone-2.45.0.jar org.testng.remote.RemoteTestNG -serport 51498 -d C:\Users\mlebedeva\Documents\GitHub\jft\addressbook-selenium-tests\test-output C:\Users\MLEBED~1\AppData\Local\Temp\testng-eclipse-1744162897\testng-customsuite.xml

!ENTRY org.testng.eclipse 1 0 2015-04-22 22:14:56.278
!MESSAGE [TestNGLaunchConfigurationDelegate] Launching:
  Classpath: /C:/eclipse/plugins/org.testng.eclipse_6.8.6.20141201_2240/lib/testng.jar C:\Users\mlebedeva\Documents\GitHub\jft\addressbook-selenium-tests\bin C:\Users\mlebedeva\Downloads\selenium-server-standalone-2.45.0.jar
  VMArgs:    -ea
  Class:     org.testng.remote.RemoteTestNG
  Args:      -serport 51653 -d C:\Users\mlebedeva\Documents\GitHub\jft\addressbook-selenium-tests\test-output C:\Users\MLEBED~1\AppData\Local\Temp\testng-eclipse--1895718229\testng-customsuite.xml
java -ea -classpath /C:/eclipse/plugins/org.testng.eclipse_6.8.6.20141201_2240/lib/testng.jar:C:\Users\mlebedeva\Documents\GitHub\jft\addressbook-selenium-tests\bin:C:\Users\mlebedeva\Downloads\selenium-server-standalone-2.45.0.jar org.testng.remote.RemoteTestNG -serport 51653 -d C:\Users\mlebedeva\Documents\GitHub\jft\addressbook-selenium-tests\test-output C:\Users\MLEBED~1\AppData\Local\Temp\testng-eclipse--1895718229\testng-customsuite.xml

!ENTRY org.testng.eclipse 1 0 2015-04-22 22:19:05.732
!MESSAGE [TestNGLaunchConfigurationDelegate] Launching:
  Classpath: /C:/eclipse/plugins/org.testng.eclipse_6.8.6.20141201_2240/lib/testng.jar C:\Users\mlebedeva\Documents\GitHub\jft\addressbook-selenium-tests\bin C:\Users\mlebedeva\Downloads\selenium-server-standalone-2.45.0.jar
  VMArgs:    -ea
  Class:     org.testng.remote.RemoteTestNG
  Args:      -serport 51692 -d C:\Users\mlebedeva\Documents\GitHub\jft\addressbook-selenium-tests\test-output C:\Users\MLEBED~1\AppData\Local\Temp\testng-eclipse-1486019932\testng-customsuite.xml
java -ea -classpath /C:/eclipse/plugins/org.testng.eclipse_6.8.6.20141201_2240/lib/testng.jar:C:\Users\mlebedeva\Documents\GitHub\jft\addressbook-selenium-tests\bin:C:\Users\mlebedeva\Downloads\selenium-server-standalone-2.45.0.jar org.testng.remote.RemoteTestNG -serport 51692 -d C:\Users\mlebedeva\Documents\GitHub\jft\addressbook-selenium-tests\test-output C:\Users\MLEBED~1\AppData\Local\Temp\testng-eclipse-1486019932\testng-customsuite.xml

!ENTRY org.testng.eclipse 1 0 2015-04-22 22:21:09.300
!MESSAGE [TestNGLaunchConfigurationDelegate] Launching:
  Classpath: /C:/eclipse/plugins/org.testng.eclipse_6.8.6.20141201_2240/lib/testng.jar C:\Users\mlebedeva\Documents\GitHub\jft\addressbook-selenium-tests\bin C:\Users\mlebedeva\Downloads\selenium-server-standalone-2.45.0.jar
  VMArgs:    -ea
  Class:     org.testng.remote.RemoteTestNG
  Args:      -serport 51780 -d C:\Users\mlebedeva\Documents\GitHub\jft\addressbook-selenium-tests\test-output C:\Users\MLEBED~1\AppData\Local\Temp\testng-eclipse--839986384\testng-customsuite.xml
java -ea -classpath /C:/eclipse/plugins/org.testng.eclipse_6.8.6.20141201_2240/lib/testng.jar:C:\Users\mlebedeva\Documents\GitHub\jft\addressbook-selenium-tests\bin:C:\Users\mlebedeva\Downloads\selenium-server-standalone-2.45.0.jar org.testng.remote.RemoteTestNG -serport 51780 -d C:\Users\mlebedeva\Documents\GitHub\jft\addressbook-selenium-tests\test-output C:\Users\MLEBED~1\AppData\Local\Temp\testng-eclipse--839986384\testng-customsuite.xml

!ENTRY org.testng.eclipse 1 0 2015-04-22 22:22:11.469
!MESSAGE [TestNGLaunchConfigurationDelegate] Launching:
  Classpath: /C:/eclipse/plugins/org.testng.eclipse_6.8.6.20141201_2240/lib/testng.jar C:\Users\mlebedeva\Documents\GitHub\jft\addressbook-selenium-tests\bin C:\Users\mlebedeva\Downloads\selenium-server-standalone-2.45.0.jar
  VMArgs:    -ea
  Class:     org.testng.remote.RemoteTestNG
  Args:      -serport 51886 -d C:\Users\mlebedeva\Documents\GitHub\jft\addressbook-selenium-tests\test-output C:\Users\MLEBED~1\AppData\Local\Temp\testng-eclipse-273705151\testng-customsuite.xml
java -ea -classpath /C:/eclipse/plugins/org.testng.eclipse_6.8.6.20141201_2240/lib/testng.jar:C:\Users\mlebedeva\Documents\GitHub\jft\addressbook-selenium-tests\bin:C:\Users\mlebedeva\Downloads\selenium-server-standalone-2.45.0.jar org.testng.remote.RemoteTestNG -serport 51886 -d C:\Users\mlebedeva\Documents\GitHub\jft\addressbook-selenium-tests\test-output C:\Users\MLEBED~1\AppData\Local\Temp\testng-eclipse-273705151\testng-customsuite.xml

!ENTRY org.testng.eclipse 1 0 2015-04-22 22:23:07.021
!MESSAGE [TestNGLaunchConfigurationDelegate] Launching:
  Classpath: /C:/eclipse/plugins/org.testng.eclipse_6.8.6.20141201_2240/lib/testng.jar C:\Users\mlebedeva\Documents\GitHub\jft\addressbook-selenium-tests\bin C:\Users\mlebedeva\Downloads\selenium-server-standalone-2.45.0.jar
  VMArgs:    -ea
  Class:     org.testng.remote.RemoteTestNG
  Args:      -serport 51992 -d C:\Users\mlebedeva\Documents\GitHub\jft\addressbook-selenium-tests\test-output C:\Users\MLEBED~1\AppData\Local\Temp\testng-eclipse-2095014499\testng-customsuite.xml
java -ea -classpath /C:/eclipse/plugins/org.testng.eclipse_6.8.6.20141201_2240/lib/testng.jar:C:\Users\mlebedeva\Documents\GitHub\jft\addressbook-selenium-tests\bin:C:\Users\mlebedeva\Downloads\selenium-server-standalone-2.45.0.jar org.testng.remote.RemoteTestNG -serport 51992 -d C:\Users\mlebedeva\Documents\GitHub\jft\addressbook-selenium-tests\test-output C:\Users\MLEBED~1\AppData\Local\Temp\testng-eclipse-2095014499\testng-customsuite.xml

!ENTRY org.eclipse.recommenders.calls.rcp 4 2 2015-04-22 22:38:56.160
!MESSAGE Proposal matching failed for [METHOD_REF]{completion:clone(), declSign:[Ljava.lang.String;, sign:()[Ljava.lang.String;, declKey:, key:, name:clone, replace:[408,408], token:[408,408], relevance:35}.
!STACK 0
org.eclipse.recommenders.utils.Logs$LogTraceException
	at org.eclipse.recommenders.utils.Logs$LogTraceException.newTrace(Logs.java:377)
	at org.eclipse.recommenders.utils.Logs.log(Logs.java:130)
	at org.eclipse.recommenders.internal.calls.rcp.CallCompletionSessionProcessor.process(CallCompletionSessionProcessor.java:203)
	at org.eclipse.recommenders.completion.rcp.processable.IntelligentCompletionProposalComputer.fireProcessProposal(IntelligentCompletionProposalComputer.java:243)
	at org.eclipse.recommenders.completion.rcp.processable.IntelligentCompletionProposalComputer.computeCompletionProposals(IntelligentCompletionProposalComputer.java:143)
	at org.eclipse.jdt.internal.ui.text.java.CompletionProposalComputerDescriptor.computeCompletionProposals(CompletionProposalComputerDescriptor.java:333)
	at org.eclipse.jdt.internal.ui.text.java.CompletionProposalCategory.computeCompletionProposals(CompletionProposalCategory.java:337)
	at org.eclipse.jdt.internal.ui.text.java.ContentAssistProcessor.collectProposals(ContentAssistProcessor.java:325)
	at org.eclipse.jdt.internal.ui.text.java.ContentAssistProcessor.computeCompletionProposals(ContentAssistProcessor.java:282)
	at org.eclipse.jface.text.contentassist.ContentAssistant$5.run(ContentAssistant.java:1904)
	at org.eclipse.core.runtime.SafeRunner.run(SafeRunner.java:42)
	at org.eclipse.jface.text.contentassist.ContentAssistant.computeCompletionProposals(ContentAssistant.java:1902)
	at org.eclipse.jface.text.contentassist.CompletionProposalPopup.computeProposals(CompletionProposalPopup.java:573)
	at org.eclipse.jface.text.contentassist.CompletionProposalPopup.access$16(CompletionProposalPopup.java:570)
	at org.eclipse.jface.text.contentassist.CompletionProposalPopup$2.run(CompletionProposalPopup.java:505)
	at org.eclipse.swt.custom.BusyIndicator.showWhile(BusyIndicator.java:70)
	at org.eclipse.jface.text.contentassist.CompletionProposalPopup.showProposals(CompletionProposalPopup.java:499)
	at org.eclipse.jface.text.contentassist.ContentAssistant$2.run(ContentAssistant.java:384)
	at org.eclipse.swt.widgets.RunnableLock.run(RunnableLock.java:35)
	at org.eclipse.swt.widgets.Synchronizer.runAsyncMessages(Synchronizer.java:136)
	at org.eclipse.swt.widgets.Display.runAsyncMessages(Display.java:4147)
	at org.eclipse.swt.widgets.Display.readAndDispatch(Display.java:3764)
	at org.eclipse.e4.ui.internal.workbench.swt.PartRenderingEngine$9.run(PartRenderingEngine.java:1151)
	at org.eclipse.core.databinding.observable.Realm.runWithDefault(Realm.java:332)
	at org.eclipse.e4.ui.internal.workbench.swt.PartRenderingEngine.run(PartRenderingEngine.java:1032)
	at org.eclipse.e4.ui.internal.workbench.E4Workbench.createAndRunUI(E4Workbench.java:148)
	at org.eclipse.ui.internal.Workbench$5.run(Workbench.java:636)
	at org.eclipse.core.databinding.observable.Realm.runWithDefault(Realm.java:332)
	at org.eclipse.ui.internal.Workbench.createAndRunWorkbench(Workbench.java:579)
	at org.eclipse.ui.PlatformUI.createAndRunWorkbench(PlatformUI.java:150)
	at org.eclipse.ui.internal.ide.application.IDEApplication.start(IDEApplication.java:135)
	at org.eclipse.equinox.internal.app.EclipseAppHandle.run(EclipseAppHandle.java:196)
	at org.eclipse.core.runtime.internal.adaptor.EclipseAppLauncher.runApplication(EclipseAppLauncher.java:134)
	at org.eclipse.core.runtime.internal.adaptor.EclipseAppLauncher.start(EclipseAppLauncher.java:104)
	at org.eclipse.core.runtime.adaptor.EclipseStarter.run(EclipseStarter.java:380)
	at org.eclipse.core.runtime.adaptor.EclipseStarter.run(EclipseStarter.java:235)
	at sun.reflect.NativeMethodAccessorImpl.invoke0(Native Method)
	at sun.reflect.NativeMethodAccessorImpl.invoke(Unknown Source)
	at sun.reflect.DelegatingMethodAccessorImpl.invoke(Unknown Source)
	at java.lang.reflect.Method.invoke(Unknown Source)
	at org.eclipse.equinox.launcher.Main.invokeFramework(Main.java:648)
	at org.eclipse.equinox.launcher.Main.basicRun(Main.java:603)
	at org.eclipse.equinox.launcher.Main.run(Main.java:1465)

!ENTRY org.eclipse.recommenders.calls.rcp 4 2 2015-04-22 22:39:15.851
!MESSAGE Proposal matching failed for [METHOD_REF]{completion:clone(), declSign:[Ljava.lang.String;, sign:()[Ljava.lang.String;, declKey:, key:, name:clone, replace:[474,474], token:[474,474], relevance:35}.
!STACK 0
org.eclipse.recommenders.utils.Logs$LogTraceException
	at org.eclipse.recommenders.utils.Logs$LogTraceException.newTrace(Logs.java:377)
	at org.eclipse.recommenders.utils.Logs.log(Logs.java:130)
	at org.eclipse.recommenders.internal.calls.rcp.CallCompletionSessionProcessor.process(CallCompletionSessionProcessor.java:203)
	at org.eclipse.recommenders.completion.rcp.processable.IntelligentCompletionProposalComputer.fireProcessProposal(IntelligentCompletionProposalComputer.java:243)
	at org.eclipse.recommenders.completion.rcp.processable.IntelligentCompletionProposalComputer.computeCompletionProposals(IntelligentCompletionProposalComputer.java:143)
	at org.eclipse.jdt.internal.ui.text.java.CompletionProposalComputerDescriptor.computeCompletionProposals(CompletionProposalComputerDescriptor.java:333)
	at org.eclipse.jdt.internal.ui.text.java.CompletionProposalCategory.computeCompletionProposals(CompletionProposalCategory.java:337)
	at org.eclipse.jdt.internal.ui.text.java.ContentAssistProcessor.collectProposals(ContentAssistProcessor.java:325)
	at org.eclipse.jdt.internal.ui.text.java.ContentAssistProcessor.computeCompletionProposals(ContentAssistProcessor.java:282)
	at org.eclipse.jface.text.contentassist.ContentAssistant$5.run(ContentAssistant.java:1904)
	at org.eclipse.core.runtime.SafeRunner.run(SafeRunner.java:42)
	at org.eclipse.jface.text.contentassist.ContentAssistant.computeCompletionProposals(ContentAssistant.java:1902)
	at org.eclipse.jface.text.contentassist.CompletionProposalPopup.computeProposals(CompletionProposalPopup.java:573)
	at org.eclipse.jface.text.contentassist.CompletionProposalPopup.access$16(CompletionProposalPopup.java:570)
	at org.eclipse.jface.text.contentassist.CompletionProposalPopup$2.run(CompletionProposalPopup.java:505)
	at org.eclipse.swt.custom.BusyIndicator.showWhile(BusyIndicator.java:70)
	at org.eclipse.jface.text.contentassist.CompletionProposalPopup.showProposals(CompletionProposalPopup.java:499)
	at org.eclipse.jface.text.contentassist.ContentAssistant$2.run(ContentAssistant.java:384)
	at org.eclipse.swt.widgets.RunnableLock.run(RunnableLock.java:35)
	at org.eclipse.swt.widgets.Synchronizer.runAsyncMessages(Synchronizer.java:136)
	at org.eclipse.swt.widgets.Display.runAsyncMessages(Display.java:4147)
	at org.eclipse.swt.widgets.Display.readAndDispatch(Display.java:3764)
	at org.eclipse.e4.ui.internal.workbench.swt.PartRenderingEngine$9.run(PartRenderingEngine.java:1151)
	at org.eclipse.core.databinding.observable.Realm.runWithDefault(Realm.java:332)
	at org.eclipse.e4.ui.internal.workbench.swt.PartRenderingEngine.run(PartRenderingEngine.java:1032)
	at org.eclipse.e4.ui.internal.workbench.E4Workbench.createAndRunUI(E4Workbench.java:148)
	at org.eclipse.ui.internal.Workbench$5.run(Workbench.java:636)
	at org.eclipse.core.databinding.observable.Realm.runWithDefault(Realm.java:332)
	at org.eclipse.ui.internal.Workbench.createAndRunWorkbench(Workbench.java:579)
	at org.eclipse.ui.PlatformUI.createAndRunWorkbench(PlatformUI.java:150)
	at org.eclipse.ui.internal.ide.application.IDEApplication.start(IDEApplication.java:135)
	at org.eclipse.equinox.internal.app.EclipseAppHandle.run(EclipseAppHandle.java:196)
	at org.eclipse.core.runtime.internal.adaptor.EclipseAppLauncher.runApplication(EclipseAppLauncher.java:134)
	at org.eclipse.core.runtime.internal.adaptor.EclipseAppLauncher.start(EclipseAppLauncher.java:104)
	at org.eclipse.core.runtime.adaptor.EclipseStarter.run(EclipseStarter.java:380)
	at org.eclipse.core.runtime.adaptor.EclipseStarter.run(EclipseStarter.java:235)
	at sun.reflect.NativeMethodAccessorImpl.invoke0(Native Method)
	at sun.reflect.NativeMethodAccessorImpl.invoke(Unknown Source)
	at sun.reflect.DelegatingMethodAccessorImpl.invoke(Unknown Source)
	at java.lang.reflect.Method.invoke(Unknown Source)
	at org.eclipse.equinox.launcher.Main.invokeFramework(Main.java:648)
	at org.eclipse.equinox.launcher.Main.basicRun(Main.java:603)
	at org.eclipse.equinox.launcher.Main.run(Main.java:1465)

!ENTRY org.testng.eclipse 1 0 2015-04-22 22:39:47.749
!MESSAGE [TestNGLaunchShortcut] Examining Java element:[Working copy] ContactCreationTests.java [in com.example.tests [in src [in addressbook-selenium-tests]]]
  package com.example.tests
  import org.testng.annotations.Test
  import java.util.Random
  class ContactCreationTests
    void testNonEmptyContactCreation()
    void testEmptyContactCreation()

!ENTRY org.testng.eclipse 1 0 2015-04-22 22:39:51.266
!MESSAGE [TestNGLaunchConfigurationDelegate] Launching:
  Classpath: /C:/eclipse/plugins/org.testng.eclipse_6.8.6.20141201_2240/lib/testng.jar C:\Users\mlebedeva\Documents\GitHub\jft\addressbook-selenium-tests\bin C:\Users\mlebedeva\Downloads\selenium-server-standalone-2.45.0.jar
  VMArgs:    -ea
  Class:     org.testng.remote.RemoteTestNG
  Args:      -serport 52215 -d C:\Users\mlebedeva\Documents\GitHub\jft\addressbook-selenium-tests\test-output C:\Users\MLEBED~1\AppData\Local\Temp\testng-eclipse-599707298\testng-customsuite.xml
java -ea -classpath /C:/eclipse/plugins/org.testng.eclipse_6.8.6.20141201_2240/lib/testng.jar:C:\Users\mlebedeva\Documents\GitHub\jft\addressbook-selenium-tests\bin:C:\Users\mlebedeva\Downloads\selenium-server-standalone-2.45.0.jar org.testng.remote.RemoteTestNG -serport 52215 -d C:\Users\mlebedeva\Documents\GitHub\jft\addressbook-selenium-tests\test-output C:\Users\MLEBED~1\AppData\Local\Temp\testng-eclipse-599707298\testng-customsuite.xml

!ENTRY org.testng.eclipse 1 0 2015-04-22 22:47:33.224
!MESSAGE [TestNGLaunchShortcut] Examining Java element:com.example.tests [in src [in addressbook-selenium-tests]]
  [Working copy] TestBase.java
    package com.example.tests
    import org.junit.Assert.fail
    import java.util.concurrent.TimeUnit
    import org.junit.After
    import org.junit.Before
    import org.openqa.selenium.Alert
    import org.openqa.selenium.By
    import org.openqa.selenium.NoAlertPresentException
    import org.openqa.selenium.NoSuchElementException
    import org.openqa.selenium.WebDriver
    import org.openqa.selenium.firefox.FirefoxDriver
    import org.openqa.selenium.support.ui.Select
    import org.testng.annotations.*
    class TestBase
      WebDriver driver
      String baseUrl
      boolean acceptNextAlert
      StringBuffer verificationErrors
      void setUp()
      void tearDown()
      void openMainPage()
      void goToGroupsPage()
      void initGroupCreation()
      void fillInGroupForm(GroupData)
      void submitGroupCreation()
      void returnToGroupsPage()
      void returnToMainPage()
      void submitContactInfo()
      void fillInContactForm(ContactData)
      void initNewContactCreation()
      boolean isElementPresent(By)
      boolean isAlertPresent()
      String closeAlertAndGetItsText()
  [Working copy] GroupData.java
    package com.example.tests
    class GroupData
      String name
      String header
      String footer
      GroupData()
      GroupData(String, String, String)
  [Working copy] ContactData.java
    package com.example.tests
    class ContactData
      String firstName
      String lastName
      String address
      String homePhone
      String mobilePhone
      String workPhone
      String email
      String email2
      String bDay
      String[] bDayArray
      String bMonth
      String[] bMonthArray
      String bYear
      String groupName
      String address2
      String homePhone2
      ContactData()
      ContactData(String, String, String, String, String, String, String, String, String, String, String, String, String, String)
  GroupCreationTests.java
    package com.example.tests
    import org.testng.annotations.Test
    class GroupCreationTests
      void testNonEmptyGroupCreation()
      void testEmptyGroupCreation()
  [Working copy] ContactCreationTests.java
    package com.example.tests
    import org.testng.annotations.Test
    import java.util.Random
    class ContactCreationTests
      void testNonEmptyContactCreation()
      void testEmptyContactCreation()
  AnotherGroupCreationTests.java
    package com.example.tests
    import org.testng.annotations.Test
    class AnotherGroupCreationTests
      void testNonEmptyGroupCreation()
      void testEmptyGroupCreation()

!ENTRY org.testng.eclipse 1 0 2015-04-22 22:47:33.626
!MESSAGE [TestNGLaunchConfigurationDelegate] Launching:
  Classpath: /C:/eclipse/plugins/org.testng.eclipse_6.8.6.20141201_2240/lib/testng.jar C:\Users\mlebedeva\Documents\GitHub\jft\addressbook-selenium-tests\bin C:\Users\mlebedeva\Downloads\selenium-server-standalone-2.45.0.jar
  VMArgs:    -ea
  Class:     org.testng.remote.RemoteTestNG
  Args:      -serport 52353 -d C:\Users\mlebedeva\Documents\GitHub\jft\addressbook-selenium-tests\test-output C:\Users\MLEBED~1\AppData\Local\Temp\testng-eclipse--1377055930\testng-customsuite.xml
java -ea -classpath /C:/eclipse/plugins/org.testng.eclipse_6.8.6.20141201_2240/lib/testng.jar:C:\Users\mlebedeva\Documents\GitHub\jft\addressbook-selenium-tests\bin:C:\Users\mlebedeva\Downloads\selenium-server-standalone-2.45.0.jar org.testng.remote.RemoteTestNG -serport 52353 -d C:\Users\mlebedeva\Documents\GitHub\jft\addressbook-selenium-tests\test-output C:\Users\MLEBED~1\AppData\Local\Temp\testng-eclipse--1377055930\testng-customsuite.xml

!ENTRY org.testng.eclipse 1 0 2015-04-22 22:50:52.962
!MESSAGE [TestNGLaunchShortcut] Examining Java element:[Working copy] ContactCreationTests.java [in com.example.tests [in src [in addressbook-selenium-tests]]]
  package com.example.tests
  import org.testng.annotations.Test
  import java.util.Random
  class ContactCreationTests
    void testNonEmptyContactCreation()
    void testEmptyContactCreation()

!ENTRY org.testng.eclipse 1 0 2015-04-22 22:50:53.122
!MESSAGE [TestNGLaunchConfigurationDelegate] Launching:
  Classpath: /C:/eclipse/plugins/org.testng.eclipse_6.8.6.20141201_2240/lib/testng.jar C:\Users\mlebedeva\Documents\GitHub\jft\addressbook-selenium-tests\bin C:\Users\mlebedeva\Downloads\selenium-server-standalone-2.45.0.jar
  VMArgs:    -ea
  Class:     org.testng.remote.RemoteTestNG
  Args:      -serport 52432 -d C:\Users\mlebedeva\Documents\GitHub\jft\addressbook-selenium-tests\test-output C:\Users\MLEBED~1\AppData\Local\Temp\testng-eclipse-2140008742\testng-customsuite.xml
java -ea -classpath /C:/eclipse/plugins/org.testng.eclipse_6.8.6.20141201_2240/lib/testng.jar:C:\Users\mlebedeva\Documents\GitHub\jft\addressbook-selenium-tests\bin:C:\Users\mlebedeva\Downloads\selenium-server-standalone-2.45.0.jar org.testng.remote.RemoteTestNG -serport 52432 -d C:\Users\mlebedeva\Documents\GitHub\jft\addressbook-selenium-tests\test-output C:\Users\MLEBED~1\AppData\Local\Temp\testng-eclipse-2140008742\testng-customsuite.xml

!ENTRY org.testng.eclipse 1 0 2015-04-22 22:54:17.418
!MESSAGE [TestNGLaunchShortcut] Examining Java element:com.example.tests [in src [in addressbook-selenium-tests]]
  [Working copy] TestBase.java
    package com.example.tests
    import org.junit.Assert.fail
    import java.util.concurrent.TimeUnit
    import org.junit.After
    import org.junit.Before
    import org.openqa.selenium.Alert
    import org.openqa.selenium.By
    import org.openqa.selenium.NoAlertPresentException
    import org.openqa.selenium.NoSuchElementException
    import org.openqa.selenium.WebDriver
    import org.openqa.selenium.firefox.FirefoxDriver
    import org.openqa.selenium.support.ui.Select
    import org.testng.annotations.*
    class TestBase
      WebDriver driver
      String baseUrl
      boolean acceptNextAlert
      StringBuffer verificationErrors
      void setUp()
      void tearDown()
      void openMainPage()
      void goToGroupsPage()
      void initGroupCreation()
      void fillInGroupForm(GroupData)
      void submitGroupCreation()
      void returnToGroupsPage()
      void returnToMainPage()
      void submitContactInfo()
      void fillInContactForm(ContactData)
      void initNewContactCreation()
      boolean isElementPresent(By)
      boolean isAlertPresent()
      String closeAlertAndGetItsText()
  GroupData.java
    package com.example.tests
    class GroupData
      String name
      String header
      String footer
      GroupData()
      GroupData(String, String, String)
  ContactData.java
    package com.example.tests
    class ContactData
      String firstName
      String lastName
      String address
      String homePhone
      String mobilePhone
      String workPhone
      String email
      String email2
      String bDay
      String[] bDayArray
      String bMonth
      String[] bMonthArray
      String bYear
      String groupName
      String address2
      String homePhone2
      ContactData()
      ContactData(String, String, String, String, String, String, String, String, String, String, String, String, String, String)
  [Working copy] GroupCreationTests.java
    package com.example.tests
    import org.testng.annotations.Test
    class GroupCreationTests
      void testNonEmptyGroupCreation()
      void testEmptyGroupCreation()
  [Working copy] ContactCreationTests.java
    package com.example.tests
    import org.testng.annotations.Test
    import java.util.Random
    class ContactCreationTests
      void testNonEmptyContactCreation()
      void testEmptyContactCreation()
  AnotherGroupCreationTests.java
    package com.example.tests
    import org.testng.annotations.Test
    class AnotherGroupCreationTests
      void testNonEmptyGroupCreation()
      void testEmptyGroupCreation()

!ENTRY org.testng.eclipse 1 0 2015-04-22 22:54:19.475
!MESSAGE [TestNGLaunchConfigurationDelegate] Launching:
  Classpath: /C:/eclipse/plugins/org.testng.eclipse_6.8.6.20141201_2240/lib/testng.jar C:\Users\mlebedeva\Documents\GitHub\jft\addressbook-selenium-tests\bin C:\Users\mlebedeva\Downloads\selenium-server-standalone-2.45.0.jar
  VMArgs:    -ea
  Class:     org.testng.remote.RemoteTestNG
  Args:      -serport 52543 -d C:\Users\mlebedeva\Documents\GitHub\jft\addressbook-selenium-tests\test-output C:\Users\MLEBED~1\AppData\Local\Temp\testng-eclipse--951729962\testng-customsuite.xml
java -ea -classpath /C:/eclipse/plugins/org.testng.eclipse_6.8.6.20141201_2240/lib/testng.jar:C:\Users\mlebedeva\Documents\GitHub\jft\addressbook-selenium-tests\bin:C:\Users\mlebedeva\Downloads\selenium-server-standalone-2.45.0.jar org.testng.remote.RemoteTestNG -serport 52543 -d C:\Users\mlebedeva\Documents\GitHub\jft\addressbook-selenium-tests\test-output C:\Users\MLEBED~1\AppData\Local\Temp\testng-eclipse--951729962\testng-customsuite.xml

!ENTRY org.testng.eclipse 1 0 2015-04-22 23:17:54.338
!MESSAGE [TestNGLaunchShortcut] Examining Java element:com.example.tests [in src [in addressbook-selenium-tests]]
  [Working copy] TestBase.java
    package com.example.tests
    import org.junit.Assert.fail
    import java.util.concurrent.TimeUnit
    import org.junit.After
    import org.junit.Before
    import org.openqa.selenium.Alert
    import org.openqa.selenium.By
    import org.openqa.selenium.NoAlertPresentException
    import org.openqa.selenium.NoSuchElementException
    import org.openqa.selenium.WebDriver
    import org.openqa.selenium.firefox.FirefoxDriver
    import org.openqa.selenium.support.ui.Select
    import org.testng.annotations.*
    import trash.ContactData
    class TestBase
      WebDriver driver
      String baseUrl
      boolean acceptNextAlert
      StringBuffer verificationErrors
      void setUp()
      void tearDown()
      void openMainPage()
      void goToGroupsPage()
      void initGroupCreation()
      void fillInGroupForm(GroupData)
      void submitGroupCreation()
      void returnToGroupsPage()
      void initNewContactCreation()
      void returnToMainPage()
      void submitContactInfo()
      void fillInContactForm(ContactData)
      boolean isElementPresent(By)
      boolean isAlertPresent()
      String closeAlertAndGetItsText()
  GroupData.java
    package com.example.tests
    class GroupData
      String name
      String header
      String footer
      GroupData()
      GroupData(String, String, String)
  [Working copy] GroupCreationTests.java
    package com.example.tests
    import org.testng.annotations.Test
    class GroupCreationTests
      void testNonEmptyGroupCreation()
      void testEmptyGroupCreation()
  AnotherGroupCreationTests.java (not open)

!ENTRY org.testng.eclipse 1 0 2015-04-22 23:17:54.518
!MESSAGE [TestNGLaunchConfigurationDelegate] Launching:
  Classpath: /C:/eclipse/plugins/org.testng.eclipse_6.8.6.20141201_2240/lib/testng.jar C:\Users\mlebedeva\Documents\GitHub\jft\addressbook-selenium-tests\bin C:\Users\mlebedeva\Downloads\selenium-server-standalone-2.45.0.jar
  VMArgs:    -ea
  Class:     org.testng.remote.RemoteTestNG
  Args:      -serport 52701 -d C:\Users\mlebedeva\Documents\GitHub\jft\addressbook-selenium-tests\test-output C:\Users\MLEBED~1\AppData\Local\Temp\testng-eclipse--126047909\testng-customsuite.xml
java -ea -classpath /C:/eclipse/plugins/org.testng.eclipse_6.8.6.20141201_2240/lib/testng.jar:C:\Users\mlebedeva\Documents\GitHub\jft\addressbook-selenium-tests\bin:C:\Users\mlebedeva\Downloads\selenium-server-standalone-2.45.0.jar org.testng.remote.RemoteTestNG -serport 52701 -d C:\Users\mlebedeva\Documents\GitHub\jft\addressbook-selenium-tests\test-output C:\Users\MLEBED~1\AppData\Local\Temp\testng-eclipse--126047909\testng-customsuite.xml

!ENTRY org.testng.eclipse 1 0 2015-04-22 23:19:43.921
!MESSAGE [TestNGLaunchShortcut] Examining Java element:com.example.tests [in src [in addressbook-selenium-tests]]
  [Working copy] TestBase.java
    package com.example.tests
    import org.junit.Assert.fail
    import java.util.concurrent.TimeUnit
    import org.openqa.selenium.Alert
    import org.openqa.selenium.By
    import org.openqa.selenium.NoAlertPresentException
    import org.openqa.selenium.NoSuchElementException
    import org.openqa.selenium.WebDriver
    import org.openqa.selenium.firefox.FirefoxDriver
    import org.openqa.selenium.support.ui.Select
    import org.testng.annotations.*
    import trash.ContactData
    class TestBase
      WebDriver driver
      String baseUrl
      boolean acceptNextAlert
      StringBuffer verificationErrors
      void setUp()
      void tearDown()
      void openMainPage()
      void goToGroupsPage()
      void initGroupCreation()
      void fillInGroupForm(GroupData)
      void submitGroupCreation()
      void returnToGroupsPage()
      void initNewContactCreation()
      void returnToMainPage()
      void submitContactInfo()
      void fillInContactForm(ContactData)
      boolean isElementPresent(By)
      boolean isAlertPresent()
      String closeAlertAndGetItsText()
  GroupData.java
    package com.example.tests
    class GroupData
      String name
      String header
      String footer
      GroupData()
      GroupData(String, String, String)
  [Working copy] GroupCreationTests.java
    package com.example.tests
    import org.testng.annotations.Test
    class GroupCreationTests
      void testNonEmptyGroupCreation()
      void testEmptyGroupCreation()
  AnotherGroupCreationTests.java
    package com.example.tests
    import org.testng.annotations.Test
    class AnotherGroupCreationTests
      void testNonEmptyGroupCreation()
      void testEmptyGroupCreation()

!ENTRY org.testng.eclipse 1 0 2015-04-22 23:19:46.136
!MESSAGE [TestNGLaunchConfigurationDelegate] Launching:
  Classpath: /C:/eclipse/plugins/org.testng.eclipse_6.8.6.20141201_2240/lib/testng.jar C:\Users\mlebedeva\Documents\GitHub\jft\addressbook-selenium-tests\bin C:\Users\mlebedeva\Downloads\selenium-server-standalone-2.45.0.jar
  VMArgs:    -ea
  Class:     org.testng.remote.RemoteTestNG
  Args:      -serport 52776 -d C:\Users\mlebedeva\Documents\GitHub\jft\addressbook-selenium-tests\test-output C:\Users\MLEBED~1\AppData\Local\Temp\testng-eclipse--1052386987\testng-customsuite.xml
java -ea -classpath /C:/eclipse/plugins/org.testng.eclipse_6.8.6.20141201_2240/lib/testng.jar:C:\Users\mlebedeva\Documents\GitHub\jft\addressbook-selenium-tests\bin:C:\Users\mlebedeva\Downloads\selenium-server-standalone-2.45.0.jar org.testng.remote.RemoteTestNG -serport 52776 -d C:\Users\mlebedeva\Documents\GitHub\jft\addressbook-selenium-tests\test-output C:\Users\MLEBED~1\AppData\Local\Temp\testng-eclipse--1052386987\testng-customsuite.xml

!ENTRY org.testng.eclipse 1 0 2015-04-22 23:20:49.646
!MESSAGE [TestNGLaunchShortcut] Examining Java element:com.example.tests [in src [in addressbook-selenium-tests]]
  [Working copy] TestBase.java
    package com.example.tests
    import org.junit.Assert.fail
    import java.util.concurrent.TimeUnit
    import org.openqa.selenium.Alert
    import org.openqa.selenium.By
    import org.openqa.selenium.NoAlertPresentException
    import org.openqa.selenium.NoSuchElementException
    import org.openqa.selenium.WebDriver
    import org.openqa.selenium.firefox.FirefoxDriver
    import org.openqa.selenium.support.ui.Select
    import org.testng.annotations.*
    import trash.ContactData
    class TestBase
      WebDriver driver
      String baseUrl
      boolean acceptNextAlert
      StringBuffer verificationErrors
      void setUp()
      void tearDown()
      void openMainPage()
      void goToGroupsPage()
      void initGroupCreation()
      void fillInGroupForm(GroupData)
      void submitGroupCreation()
      void returnToGroupsPage()
      void initNewContactCreation()
      void returnToMainPage()
      void submitContactInfo()
      void fillInContactForm(ContactData)
      boolean isElementPresent(By)
      boolean isAlertPresent()
      String closeAlertAndGetItsText()
  GroupData.java
    package com.example.tests
    class GroupData
      String name
      String header
      String footer
      GroupData()
      GroupData(String, String, String)
  [Working copy] GroupCreationTests.java
    package com.example.tests
    import org.testng.annotations.Test
    class GroupCreationTests
      void testNonEmptyGroupCreation()
      void testEmptyGroupCreation()
  AnotherGroupCreationTests.java
    package com.example.tests
    import org.testng.annotations.Test
    class AnotherGroupCreationTests
      void testNonEmptyGroupCreation()
      void testEmptyGroupCreation()

!ENTRY org.testng.eclipse 1 0 2015-04-22 23:20:51.709
!MESSAGE [TestNGLaunchConfigurationDelegate] Launching:
  Classpath: /C:/eclipse/plugins/org.testng.eclipse_6.8.6.20141201_2240/lib/testng.jar C:\Users\mlebedeva\Documents\GitHub\jft\addressbook-selenium-tests\bin C:\Users\mlebedeva\Downloads\selenium-server-standalone-2.45.0.jar
  VMArgs:    -ea
  Class:     org.testng.remote.RemoteTestNG
  Args:      -serport 52848 -d C:\Users\mlebedeva\Documents\GitHub\jft\addressbook-selenium-tests\test-output C:\Users\MLEBED~1\AppData\Local\Temp\testng-eclipse--1608825842\testng-customsuite.xml
java -ea -classpath /C:/eclipse/plugins/org.testng.eclipse_6.8.6.20141201_2240/lib/testng.jar:C:\Users\mlebedeva\Documents\GitHub\jft\addressbook-selenium-tests\bin:C:\Users\mlebedeva\Downloads\selenium-server-standalone-2.45.0.jar org.testng.remote.RemoteTestNG -serport 52848 -d C:\Users\mlebedeva\Documents\GitHub\jft\addressbook-selenium-tests\test-output C:\Users\MLEBED~1\AppData\Local\Temp\testng-eclipse--1608825842\testng-customsuite.xml

!ENTRY org.testng.eclipse 1 0 2015-04-22 23:22:10.267
!MESSAGE [TestNGLaunchShortcut] Examining Java element:com.example.tests [in src [in addressbook-selenium-tests]]
  [Working copy] TestBase.java
    package com.example.tests
    import org.junit.Assert.fail
    import java.util.concurrent.TimeUnit
    import org.openqa.selenium.Alert
    import org.openqa.selenium.By
    import org.openqa.selenium.NoAlertPresentException
    import org.openqa.selenium.NoSuchElementException
    import org.openqa.selenium.WebDriver
    import org.openqa.selenium.firefox.FirefoxDriver
    import org.openqa.selenium.support.ui.Select
    import org.testng.annotations.*
    class TestBase
      WebDriver driver
      String baseUrl
      boolean acceptNextAlert
      StringBuffer verificationErrors
      void setUp()
      void tearDown()
      void openMainPage()
      void goToGroupsPage()
      void initGroupCreation()
      void fillInGroupForm(GroupData)
      void submitGroupCreation()
      void returnToGroupsPage()
      void initNewContactCreation()
      void returnToMainPage()
      void submitContactInfo()
      void fillInContactForm(ContactData)
      boolean isElementPresent(By)
      boolean isAlertPresent()
      String closeAlertAndGetItsText()
  GroupData.java
    package com.example.tests
    class GroupData
      String name
      String header
      String footer
      GroupData()
      GroupData(String, String, String)
  ContactData.java
    package com.example.tests
    class ContactData
      String firstName
      String lastName
      String address
      String homePhone
      String mobilePhone
      String workPhone
      String email
      String email2
      String bDay
      String[] bDayArray
      String bMonth
      String[] bMonthArray
      String bYear
      String groupName
      String address2
      String homePhone2
      ContactData()
      ContactData(String, String, String, String, String, String, String, String, String, String, String, String, String, String)
  [Working copy] GroupCreationTests.java
    package com.example.tests
    import org.testng.annotations.Test
    class GroupCreationTests
      void testNonEmptyGroupCreation()
      void testEmptyGroupCreation()
  [Working copy] ContactCreationTests.java
    package com.example.tests
    import org.testng.annotations.Test
    import java.util.Random
    class ContactCreationTests
      void testNonEmptyContactCreation()
      void testEmptyContactCreation()

!ENTRY org.testng.eclipse 1 0 2015-04-22 23:22:10.447
!MESSAGE [TestNGLaunchConfigurationDelegate] Launching:
  Classpath: /C:/eclipse/plugins/org.testng.eclipse_6.8.6.20141201_2240/lib/testng.jar C:\Users\mlebedeva\Documents\GitHub\jft\addressbook-selenium-tests\bin C:\Users\mlebedeva\Downloads\selenium-server-standalone-2.45.0.jar
  VMArgs:    -ea
  Class:     org.testng.remote.RemoteTestNG
  Args:      -serport 52971 -d C:\Users\mlebedeva\Documents\GitHub\jft\addressbook-selenium-tests\test-output C:\Users\MLEBED~1\AppData\Local\Temp\testng-eclipse--323825812\testng-customsuite.xml
java -ea -classpath /C:/eclipse/plugins/org.testng.eclipse_6.8.6.20141201_2240/lib/testng.jar:C:\Users\mlebedeva\Documents\GitHub\jft\addressbook-selenium-tests\bin:C:\Users\mlebedeva\Downloads\selenium-server-standalone-2.45.0.jar org.testng.remote.RemoteTestNG -serport 52971 -d C:\Users\mlebedeva\Documents\GitHub\jft\addressbook-selenium-tests\test-output C:\Users\MLEBED~1\AppData\Local\Temp\testng-eclipse--323825812\testng-customsuite.xml

!ENTRY org.eclipse.recommenders.rcp 2 12 2015-04-23 09:12:28.984
!MESSAGE Failed to parse news feed
!STACK 0
java.net.UnknownHostException: www.codetrails.com
	at java.net.Inet6AddressImpl.lookupAllHostAddr(Native Method)
	at java.net.InetAddress$2.lookupAllHostAddr(Unknown Source)
	at java.net.InetAddress.getAddressesFromNameService(Unknown Source)
	at java.net.InetAddress.getAllByName0(Unknown Source)
	at java.net.InetAddress.getAllByName(Unknown Source)
	at java.net.InetAddress.getAllByName(Unknown Source)
	at org.apache.http.impl.conn.SystemDefaultDnsResolver.resolve(SystemDefaultDnsResolver.java:44)
	at org.apache.http.impl.conn.HttpClientConnectionOperator.connect(HttpClientConnectionOperator.java:102)
	at org.apache.http.impl.conn.PoolingHttpClientConnectionManager.connect(PoolingHttpClientConnectionManager.java:319)
	at org.apache.http.impl.execchain.MainClientExec.establishRoute(MainClientExec.java:363)
	at org.apache.http.impl.execchain.MainClientExec.execute(MainClientExec.java:219)
	at org.apache.http.impl.execchain.ProtocolExec.execute(ProtocolExec.java:195)
	at org.apache.http.impl.execchain.RetryExec.execute(RetryExec.java:86)
	at org.apache.http.impl.execchain.RedirectExec.execute(RedirectExec.java:108)
	at org.apache.http.impl.client.InternalHttpClient.doExecute(InternalHttpClient.java:184)
	at org.apache.http.impl.client.CloseableHttpClient.execute(CloseableHttpClient.java:82)
	at org.apache.http.impl.client.CloseableHttpClient.execute(CloseableHttpClient.java:57)
	at org.apache.http.client.fluent.Executor.execute(Executor.java:206)
	at org.eclipse.recommenders.internal.rcp.news.CheckForProjectNewsJob.download(CheckForProjectNewsJob.java:128)
	at org.eclipse.recommenders.internal.rcp.news.CheckForProjectNewsJob.doRun(CheckForProjectNewsJob.java:92)
	at org.eclipse.recommenders.internal.rcp.news.CheckForProjectNewsJob.run(CheckForProjectNewsJob.java:65)
	at org.eclipse.core.internal.jobs.Worker.run(Worker.java:54)
